[debug] [2020-02-12T05:00:38.176Z] ----------------------------------------------------------------------
[debug] [2020-02-12T05:00:38.178Z] Command:       C:\Program Files\nodejs\node.exe C:\Users\hongy\AppData\Roaming\npm\node_modules\firebase-tools\lib\bin\firebase.js init
[debug] [2020-02-12T05:00:38.178Z] CLI Version:   7.12.1
[debug] [2020-02-12T05:00:38.178Z] Platform:      win32
[debug] [2020-02-12T05:00:38.178Z] Node Version:  v10.16.3
[debug] [2020-02-12T05:00:38.179Z] Time:          Wed Feb 12 2020 00:00:38 GMT-0500 (Eastern Standard Time)
[debug] [2020-02-12T05:00:38.179Z] ----------------------------------------------------------------------
[debug] [2020-02-12T05:00:38.179Z] 
[debug] [2020-02-12T05:00:38.190Z] > command requires scopes: ["email","openid","https://www.googleapis.com/auth/cloudplatformprojects.readonly","https://www.googleapis.com/auth/firebase","https://www.googleapis.com/auth/cloud-platform"]
[debug] [2020-02-12T05:00:38.190Z] > authorizing via signed-in user
[info] 
     ######## #### ########  ######## ########     ###     ######  ########
     ##        ##  ##     ## ##       ##     ##  ##   ##  ##       ##
     ######    ##  ########  ######   ########  #########  ######  ######
     ##        ##  ##    ##  ##       ##     ## ##     ##       ## ##
     ##       #### ##     ## ######## ########  ##     ##  ######  ########

You're about to initialize a Firebase project in this directory:

  C:\dev\web_projects\hywhy-perso-website

Before we get started, keep in mind:

  * You are currently outside your home directory

[debug] [2020-02-12T05:01:42.188Z] Error: kill ENOSYS
    at process.kill (internal/process/per_thread.js:198:13)
    at process.listener (C:\Users\hongy\AppData\Roaming\npm\node_modules\firebase-tools\node_modules\signal-exit\index.js:95:15)
    at process.emit (events.js:198:13)
[error] 
[error] Error: An unexpected error has occurred.
[debug] [2020-02-12T16:03:53.153Z] ----------------------------------------------------------------------
[debug] [2020-02-12T16:03:53.158Z] Command:       C:\Program Files\nodejs\node.exe C:\Users\hongy\AppData\Roaming\npm\node_modules\firebase-tools\lib\bin\firebase.js init
[debug] [2020-02-12T16:03:53.158Z] CLI Version:   7.12.1
[debug] [2020-02-12T16:03:53.158Z] Platform:      win32
[debug] [2020-02-12T16:03:53.158Z] Node Version:  v10.16.3
[debug] [2020-02-12T16:03:53.171Z] Time:          Wed Feb 12 2020 11:03:53 GMT-0500 (Eastern Standard Time)
[debug] [2020-02-12T16:03:53.171Z] ----------------------------------------------------------------------
[debug] [2020-02-12T16:03:53.171Z] 
[debug] [2020-02-12T16:03:53.186Z] > command requires scopes: ["email","openid","https://www.googleapis.com/auth/cloudplatformprojects.readonly","https://www.googleapis.com/auth/firebase","https://www.googleapis.com/auth/cloud-platform"]
[debug] [2020-02-12T16:03:53.186Z] > authorizing via signed-in user
[info] 
     ######## #### ########  ######## ########     ###     ######  ########
     ##        ##  ##     ## ##       ##     ##  ##   ##  ##       ##
     ######    ##  ########  ######   ########  #########  ######  ######
     ##        ##  ##    ##  ##       ##     ## ##     ##       ## ##
     ##       #### ##     ## ######## ########  ##     ##  ######  ########

You're about to initialize a Firebase project in this directory:

  C:\dev\web_projects\hywhy-perso-website

Before we get started, keep in mind:

  * You are currently outside your home directory

[debug] [2020-02-12T17:00:11.169Z] Error: kill ENOSYS
    at process.kill (internal/process/per_thread.js:198:13)
    at process.listener (C:\Users\hongy\AppData\Roaming\npm\node_modules\firebase-tools\node_modules\signal-exit\index.js:95:15)
    at process.emit (events.js:198:13)
[error] 
[error] Error: An unexpected error has occurred.
